\BOOKMARK [0][-]{chapter*.3}{\376\377\000\332\000v\000o\000d}{}% 1
\BOOKMARK [-1][-]{part.1}{\376\377\000I\000\040\000T\000E\000O\000R\000E\000T\000I\000C\000K\000\301\000\040\001\014\000\301\000S\000T}{}% 2
\BOOKMARK [0][-]{chapter.1}{\376\377\000C\000\315\000L\000E}{part.1}% 3
\BOOKMARK [0][-]{chapter.2}{\376\377\000M\000E\000T\000O\000D\000Y}{part.1}% 4
\BOOKMARK [0][-]{chapter.3}{\376\377\000Z\000\301\000K\000L\000A\000D\000N\000\315\000\040\000I\000N\000F\000O\000R\000M\000A\000C\000E\000\040\000O\000\040\000M\000A\000T\000E\001\130\000S\000K\000\335\000C\000H\000\040\001\140\000K\000O\000L\000\301\000C\000H\000\040\000S\000R\000O\000V\000N\000\301\000V\000A\000N\000\335\000C\000H\000\040\000Z\000E\000M\000\315}{part.1}% 5
\BOOKMARK [1][-]{section.3.1}{\376\377\000Z\000a\001\131\000a\000z\000e\000n\000\355\000\040\000m\000a\000t\000e\001\131\000s\000k\000\351\000\040\001\141\000k\000o\000l\000y\000\040\000v\000\040\000r\000\341\000m\000c\000i\000\040\000k\000l\000a\000s\000i\000f\000i\000k\000a\000c\000e\000\040\000v\000z\000d\001\033\000l\000\341\000v\000a\000c\000\355\000h\000o\000\040\000s\000y\000s\000t\000\351\000m\000u}{chapter.3}% 6
\BOOKMARK [1][-]{section.3.2}{\376\377\000M\000a\000t\000e\001\131\000s\000k\000\351\000\040\001\141\000k\000o\000l\000y\000\040\000v\000e\000\040\000F\000r\000a\000n\000c\000i\000i}{chapter.3}% 7
\BOOKMARK [1][-]{section.3.3}{\376\377\000M\000a\000t\000e\001\131\000s\000k\000\351\000\040\001\141\000k\000o\000l\000y\000\040\000v\000\040\001\014\000e\000s\000k\000\351\000\040\000r\000e\000p\000u\000b\000l\000i\000c\000e}{chapter.3}% 8
\BOOKMARK [0][-]{chapter.4}{\376\377\000P\000O\000J\000E\000T\000\315\000\040\000D\000\315\000T\001\032\000T\000E\000\040\000V\000E\000\040\000F\000R\000A\000N\000C\000I\000I\000\040\000A\000\040\001\014\000E\000S\000K\000\311\000\040\000R\000E\000P\000U\000B\000L\000I\000C\000E}{part.1}% 9
\BOOKMARK [0][-]{chapter.5}{\376\377\000P\000\311\001\014\000E\000\040\000O\000\040\000D\000\315\000T\001\032\000\040\000P\001\130\000E\001\140\000K\000O\000L\000N\000\315\000H\000O\000\040\000V\001\032\000K\000U\000\040\000S\000R\000O\000V\000N\000\301\000V\000A\000N\000\335\000C\000H\000\040\000Z\000E\000M\000\315}{part.1}% 10
\BOOKMARK [1][-]{section.5.1}{\376\377\000P\000o\000d\000m\000\355\000n\000k\000y\000\040\000p\000\351\001\015\000e\000\040\000o\000\040\000p\001\131\000e\000d\001\141\000k\000o\000l\000n\000\355\000\040\000d\001\033\000t\000i\000\040\000v\000e\000\040\000F\000r\000a\000n\000c\000i\000i}{chapter.5}% 11
\BOOKMARK [2][-]{subsection.5.1.1}{\376\377\000M\000a\000t\000e\001\131\000s\000k\000\341\000\040\000d\000o\000v\000o\000l\000e\000n\000\341}{section.5.1}% 12
\BOOKMARK [2][-]{subsection.5.1.2}{\376\377\000R\000o\000d\000i\001\015\000o\000v\000s\000k\000\341\000\040\000d\000o\000v\000o\000l\000e\000n\000\341}{section.5.1}% 13
\BOOKMARK [2][-]{subsection.5.1.3}{\376\377\000P\000\351\001\015\000e\000\040\000o\000\040\000d\000\355\000t\001\033\000\040\000n\000e\000r\000o\000d\000i\000n\000n\000o\000u\000\040\000o\000s\000o\000b\000o\000u}{section.5.1}% 14
\BOOKMARK [2][-]{subsection.5.1.4}{\376\377\000S\000t\000a\000t\000i\000s\000t\000i\000k\000a\000\040\000n\000\341\000v\001\141\000t\001\033\000v\000n\000o\000s\000t\000i\000\040\000d\001\033\000t\000\355\000\040\000v\000\240\000m\000a\000t\000e\001\131\000s\000k\000\351\000\040\001\141\000k\000o\000l\000e}{section.5.1}% 15
\BOOKMARK [1][-]{section.5.2}{\376\377\000P\000o\000d\000m\000\355\000n\000k\000y\000\040\000p\000\351\001\015\000e\000\040\000o\000\040\000p\001\131\000e\000d\001\141\000k\000o\000l\000n\000\355\000\040\000d\001\033\000t\000i\000\040\000v\000\040\001\014\000e\000s\000k\000\351\000\040\000r\000e\000p\000u\000b\000l\000i\000c\000e}{chapter.5}% 16
\BOOKMARK [2][-]{subsection.5.2.1}{\376\377\000M\000a\000t\000e\001\131\000s\000k\000\341\000\040\000d\000o\000v\000o\000l\000e\000n\000\341}{section.5.2}% 17
\BOOKMARK [2][-]{subsection.5.2.2}{\376\377\000R\000o\000d\000i\001\015\000o\000v\000s\000k\000\341\000\040\000d\000o\000v\000o\000l\000e\000n\000\341}{section.5.2}% 18
\BOOKMARK [2][-]{subsection.5.2.3}{\376\377\000P\000\351\001\015\000e\000\040\000o\000\040\000d\000\355\000t\001\033\000\040\000n\000e\000r\000o\000d\000i\000n\000n\000o\000u\000\040\000o\000s\000o\000b\000o\000u}{section.5.2}% 19
\BOOKMARK [2][-]{subsection.5.2.4}{\376\377\000S\000t\000a\000t\000i\000s\000t\000i\000k\000a\000\040\000n\000\341\000v\001\141\000t\001\033\000v\000n\000o\000s\000t\000i\000\040\000d\001\033\000t\000\355\000\040\000v\000\240\000m\000a\000t\000e\001\131\000s\000k\000\351\000\040\001\141\000k\000o\000l\000e}{section.5.2}% 20
\BOOKMARK [0][-]{chapter.6}{\376\377\000K\000U\000R\000I\000K\000U\000L\000U\000M}{part.1}% 21
\BOOKMARK [1][-]{section.6.1}{\376\377\000F\000r\000a\000n\000c\000o\000u\000z\000s\000k\000\351\000\040\000k\000u\000r\000i\000k\000u\000l\000u\000m}{chapter.6}% 22
\BOOKMARK [2][-]{subsection.6.1.1}{\376\377\000O\000s\000v\000o\000j\000i\000t\000\040\000s\000i\000\040\001\131\000e\001\015\000\040\000\050\000S\000'\000a\000p\000p\000r\000o\000p\000r\000i\000e\000r\000\040\000l\000e\000\040\000l\000a\000n\000g\000a\000g\000e\000\051}{section.6.1}% 23
\BOOKMARK [2][-]{subsection.6.1.2}{\376\377\000O\000b\000j\000e\000v\000o\000v\000a\000t\000\040\000p\000\355\000s\000m\000o\000\040\000\050\000D\000\351\000c\000o\000u\000v\000r\000i\000r\000\040\000l\000'\000\351\000c\000r\000i\000t\000\051}{section.6.1}% 24
\BOOKMARK [2][-]{subsection.6.1.3}{\376\377\000S\000t\000\341\000t\000\040\000s\000e\000\040\001\176\000\341\000k\000e\000m\000\040\000\050\000D\000e\000v\000e\000n\000i\000r\000\040\000\351\000l\000\350\000v\000e\000\051}{section.6.1}% 25
\BOOKMARK [2][-]{subsection.6.1.4}{\376\377\000J\000e\000d\000n\000a\000t\000\040\000a\000\040\000v\000y\000j\000a\000d\001\131\000o\000v\000a\000t\000\040\000s\000e\000\040\000v\000l\000a\000s\000t\000n\000\355\000m\000\040\000t\001\033\000l\000e\000m\000\040\000\050\000A\000g\000i\000r\000\040\000e\000t\000\040\000s\000'\000e\000x\000p\000r\000i\000m\000e\000r\000\040\000a\000v\000e\000c\000\040\000s\000o\000n\000\040\000c\000o\000r\000p\000s\000\051}{section.6.1}% 26
\BOOKMARK [2][-]{subsection.6.1.5}{\376\377\000O\000b\000j\000e\000v\000o\000v\000a\000t\000\040\000s\000v\001\033\000t\000\040\000\050\000D\000\351\000c\000o\000u\000v\000r\000i\000r\000\040\000l\000e\000\040\000m\000o\000n\000d\000e\000\051}{section.6.1}% 27
\BOOKMARK [2][-]{subsection.6.1.6}{\376\377\000V\000n\000\355\000m\000a\000t\000,\000\040\000c\000\355\000t\000i\000t\000,\000\040\000p\001\131\000e\000d\000s\000t\000a\000v\000o\000v\000a\000t\000\040\000s\000i\000,\000\040\000t\000v\000o\001\131\000i\000t\000\040\000\050\000P\000e\000r\000c\000e\000v\000o\000i\000r\000,\000\040\000s\000e\000n\000t\000i\000r\000,\000\040\000i\000m\000a\000g\000i\000n\000e\000r\000,\000\040\000c\000r\000\351\000e\000r\000\051}{section.6.1}% 28
\BOOKMARK [2][-]{subsection.6.1.7}{\376\377\000S\000h\000r\000n\000u\000t\000\355\000\040\000c\000\355\000l\001\157\000\040\000a\000\040\000p\000o\000j\000e\000t\000\355\000\040\000p\001\131\000e\000d\001\141\000k\000o\000l\000n\000\355\000h\000o\000\040\000v\000z\000d\001\033\000l\000\341\000v\000\341\000n\000\355\000\040\000a\000\040\000r\000o\000l\000e\000\040\000p\000e\000d\000a\000g\000o\000g\000a}{section.6.1}% 29
\BOOKMARK [1][-]{section.6.2}{\376\377\001\014\000e\000s\000k\000\351\000\040\000k\000u\000r\000i\000k\000u\000l\000u\000m}{chapter.6}% 30
\BOOKMARK [2][-]{subsection.6.2.1}{\376\377\000D\000\355\000t\001\033\000\040\000a\000\040\000j\000e\000h\000o\000\040\000t\001\033\000l\000o}{section.6.2}% 31
\BOOKMARK [2][-]{subsection.6.2.2}{\376\377\000D\000\355\000t\001\033\000\040\000a\000\040\000j\000e\000h\000o\000\040\000p\000s\000y\000c\000h\000i\000k\000a}{section.6.2}% 32
\BOOKMARK [2][-]{subsection.6.2.3}{\376\377\000D\000\355\000t\001\033\000\040\000a\000\040\000t\000e\000n\000\040\000d\000r\000u\000h\000\375}{section.6.2}% 33
\BOOKMARK [2][-]{subsection.6.2.4}{\376\377\000D\000\355\000t\001\033\000\040\000a\000\040\000s\000p\000o\000l\000e\001\015\000n\000o\000s\000t}{section.6.2}% 34
\BOOKMARK [2][-]{subsection.6.2.5}{\376\377\000D\000\355\000t\001\033\000\040\000a\000\040\000s\000v\001\033\000t}{section.6.2}% 35
\BOOKMARK [2][-]{subsection.6.2.6}{\376\377\000S\000h\000r\000n\000u\000t\000\355\000\040\000c\000\355\000l\001\157\000\040\000a\000\040\000p\000o\000j\000e\000t\000\355\000\040\000p\001\131\000e\000d\001\141\000k\000o\000l\000n\000\355\000h\000o\000\040\000v\000z\000d\001\033\000l\000\341\000v\000\341\000n\000\355\000\040\000a\000\040\000r\000o\000l\000e\000\040\000p\000e\000d\000a\000g\000o\000g\000a}{section.6.2}% 36
\BOOKMARK [1][-]{section.6.3}{\376\377\000S\000r\000o\000v\000n\000\341\000n\000\355\000\040\000k\000u\000r\000i\000k\000u\000l\000\040\000F\000r\000a\000n\000c\000i\000e\000\040\000a\000\040\001\014\000e\000s\000k\000\351\000\040\000r\000e\000p\000u\000b\000l\000i\000k\000y}{chapter.6}% 37
\BOOKMARK [-1][-]{part.2}{\376\377\000I\000I\000\040\000P\000R\000A\000K\000T\000I\000C\000K\000\301\000\040\001\014\000\301\000S\000T}{}% 38
\BOOKMARK [0][-]{chapter.7}{\376\377\000R\000E\001\175\000I\000M\000\040\000D\000N\000E}{part.2}% 39
\BOOKMARK [1][-]{section.7.1}{\376\377\000R\000e\001\176\000i\000m\000\040\000d\000n\000e\000\040\000v\000e\000\040\000f\000r\000a\000n\000c\000o\000u\000z\000s\000k\000\351\000\040\000m\000a\000t\000e\001\131\000s\000k\000\351\000\040\001\141\000k\000o\000l\000e}{chapter.7}% 40
\BOOKMARK [2][-]{subsection.7.1.1}{\376\377\000P\000r\001\157\000b\001\033\000h\000\040\000d\000n\000e\000\040\000a\000\040\000j\000e\000h\000o\000\040\000s\000p\000e\000c\000i\000f\000i\000k\000a}{section.7.1}% 41
\BOOKMARK [2][-]{subsection.7.1.2}{\376\377\000P\001\131\000\355\000c\000h\000o\000d\000\040\000d\001\033\000t\000\355\000\040\000d\000o\000\040\000m\000a\000t\000e\001\131\000s\000k\000\351\000\040\001\141\000k\000o\000l\000y}{section.7.1}% 42
\BOOKMARK [2][-]{subsection.7.1.3}{\376\377\000R\000i\000t\000u\000\341\000l\000y}{section.7.1}% 43
\BOOKMARK [2][-]{subsection.7.1.4}{\376\377\000P\000r\000a\000v\000i\000d\000l\000a\000\040\000c\000h\000o\000v\000\341\000n\000\355}{section.7.1}% 44
\BOOKMARK [2][-]{subsection.7.1.5}{\376\377\000S\000p\000o\000l\000e\001\015\000n\000\375\000\040\000k\000r\000u\000h}{section.7.1}% 45
\BOOKMARK [2][-]{subsection.7.1.6}{\376\377\000D\000\355\000l\000n\000y}{section.7.1}% 46
\BOOKMARK [2][-]{subsection.7.1.7}{\376\377\000P\000o\000b\000y\000t\000\040\000v\000e\000n\000k\000u}{section.7.1}% 47
\BOOKMARK [2][-]{subsection.7.1.8}{\376\377\000S\000t\000r\000a\000v\000a\000\040\000a\000\040\000p\000i\000t\000n\000\375\000\040\000r\000e\001\176\000i\000m}{section.7.1}% 48
\BOOKMARK [2][-]{subsection.7.1.9}{\376\377\000O\000d\000p\000o\000l\000e\000d\000n\000\355\000\040\000k\000l\000i\000d}{section.7.1}% 49
\BOOKMARK [2][-]{subsection.7.1.10}{\376\377\000O\000d\000c\000h\000o\000d\000\040\000d\001\033\000t\000\355\000\040\000z\000\040\000m\000a\000t\000e\001\131\000s\000k\000\351\000\040\001\141\000k\000o\000l\000y}{section.7.1}% 50
\BOOKMARK [2][-]{subsection.7.1.11}{\376\377\000P\000o\000p\000i\000s\000\040\000b\000u\000d\000o\000v\000y\000\040\000m\000a\000t\000e\001\131\000s\000k\000\351\000\040\001\141\000k\000o\000l\000y}{section.7.1}% 51
\BOOKMARK [2][-]{subsection.7.1.12}{\376\377\000P\000o\000p\000i\000s\000\040\000t\001\131\000\355\000d\000y\000\040\000a\000\040\000m\000a\000t\000e\000r\000i\000\341\000l\000n\000\355\000h\000o\000\040\000v\000y\000b\000a\000v\000e\000n\000\355}{section.7.1}% 52
\BOOKMARK [2][-]{subsection.7.1.13}{\376\377\000P\000o\001\015\000e\000t\000\040\000d\001\033\000t\000\355\000\040\000a\000\040\000p\000e\000d\000a\000g\000o\000g\001\157\000\040\000v\000e\000\040\000t\001\131\000\355\000d\001\033}{section.7.1}% 53
\BOOKMARK [2][-]{subsection.7.1.14}{\376\377\000T\001\033\000l\000o\000c\000v\000i\001\015\000n\000a}{section.7.1}% 54
\BOOKMARK [2][-]{subsection.7.1.15}{\376\377\000H\000y\000g\000i\000e\000n\000i\000c\000k\000\351\000\040\000z\000\341\000z\000e\000m\000\355}{section.7.1}% 55
\BOOKMARK [1][-]{section.7.2}{\376\377\000R\000e\001\176\000i\000m\000\040\000d\000n\000e\000\040\000v\000\040\001\015\000e\000s\000k\000\351\000\040\000m\000a\000t\000e\001\131\000s\000k\000\351\000\040\001\141\000k\000o\000l\000e}{chapter.7}% 56
\BOOKMARK [2][-]{subsection.7.2.1}{\376\377\000P\000r\001\157\000b\001\033\000h\000\040\000d\000n\000e\000\040\000a\000\040\000j\000e\000h\000o\000\040\000s\000p\000e\000c\000i\000f\000i\000k\000a}{section.7.2}% 57
\BOOKMARK [2][-]{subsection.7.2.2}{\376\377\000P\001\131\000\355\000c\000h\000o\000d\000\040\000d\001\033\000t\000\355\000\040\000d\000o\000\040\000m\000a\000t\000e\001\131\000s\000k\000\351\000\040\001\141\000k\000o\000l\000y}{section.7.2}% 58
\BOOKMARK [2][-]{subsection.7.2.3}{\376\377\000V\000o\000l\000n\000\341\000\040\000h\000r\000a}{section.7.2}% 59
\BOOKMARK [2][-]{subsection.7.2.4}{\376\377\000R\000a\000n\000n\000\355\000\040\000k\000r\000u\000h}{section.7.2}% 60
\BOOKMARK [2][-]{subsection.7.2.5}{\376\377\001\130\000\355\000z\000e\000n\000\351\000\040\001\015\000i\000n\000n\000o\000s\000t\000i}{section.7.2}% 61
\BOOKMARK [2][-]{subsection.7.2.6}{\376\377\000P\000o\000b\000y\000t\000\040\000v\000e\000n\000k\000u}{section.7.2}% 62
\BOOKMARK [2][-]{subsection.7.2.7}{\376\377\000S\000t\000r\000a\000v\000a\000\040\000a\000\040\000p\000i\000t\000n\000\375\000\040\000r\000e\001\176\000i\000m}{section.7.2}% 63
\BOOKMARK [2][-]{subsection.7.2.8}{\376\377\000O\000d\000p\000o\000l\000e\000d\000n\000\355\000\040\000k\000l\000i\000d}{section.7.2}% 64
\BOOKMARK [2][-]{subsection.7.2.9}{\376\377\000O\000d\000c\000h\000o\000d\000\040\000d\001\033\000t\000\355\000\040\000z\000\040\000m\000a\000t\000e\001\131\000s\000k\000\351\000\040\001\141\000k\000o\000l\000y}{section.7.2}% 65
\BOOKMARK [2][-]{subsection.7.2.10}{\376\377\000P\000o\000p\000i\000s\000\040\000b\000u\000d\000o\000v\000y\000\040\000m\000a\000t\000e\001\131\000s\000k\000\351\000\040\001\141\000k\000o\000l\000y}{section.7.2}% 66
\BOOKMARK [2][-]{subsection.7.2.11}{\376\377\000P\000o\000p\000i\000s\000\040\000t\001\131\000\355\000d\000y\000\040\000a\000\040\000m\000a\000t\000e\000r\000i\000\341\000l\000n\000\355\000h\000o\000\040\000v\000y\000b\000a\000v\000e\000n\000\355}{section.7.2}% 67
\BOOKMARK [2][-]{subsection.7.2.12}{\376\377\000P\000o\001\015\000e\000t\000\040\000d\001\033\000t\000\355\000\040\000a\000\040\000p\000e\000d\000a\000g\000o\000g\000i\000c\000k\000\351\000\040\000z\000a\000s\000t\000o\000u\000p\000e\000n\000\355}{section.7.2}% 68
\BOOKMARK [2][-]{subsection.7.2.13}{\376\377\000T\001\033\000l\000o\000c\000v\000i\001\015\000n\000a}{section.7.2}% 69
\BOOKMARK [2][-]{subsection.7.2.14}{\376\377\000H\000y\000g\000i\000e\000n\000i\000c\000k\000\351\000\040\000z\000\341\000z\000e\000m\000\355}{section.7.2}% 70
\BOOKMARK [1][-]{section.7.3}{\376\377\000S\000r\000o\000v\000n\000\341\000n\000\355\000\040\000r\000e\001\176\000i\000m\000u\000\040\000m\000a\000t\000e\001\131\000s\000k\000\351\000\040\001\141\000k\000o\000l\000y\000\040\000v\000e\000\040\000F\000r\000a\000n\000c\000i\000i\000\040\000a\000\040\001\014\000e\000s\000k\000\351\000\040\000r\000e\000p\000u\000b\000l\000i\000c\000e}{chapter.7}% 71
\BOOKMARK [0][-]{chapter*.63}{\376\377\000Z\000\341\000v\001\033\000r}{part.2}% 72
\BOOKMARK [0][-]{chapter*.65}{\376\377\000P\001\131\000\355\000l\000o\000h\000y}{part.2}% 73
